Build started 3/26/2021 6:22:19 PM.
     1>Project "J:\SURANJANA\OUTSERT\Recon_Clone\Process_Scatter\Process_Scatter.vcxproj" on node 2 (Build target(s)).
     1>ClCompile:
         D:\Program Files (x86)\Microsoft Visual Studio 12.0\VC\bin\CL.exe /c /Zi /nologo /W3 /WX- /sdl /O2 /Oi /Oy- /GL /D _MBCS /Gm- /EHsc /MD /GS /Gy /fp:precise /Zc:wchar_t /Zc:forScope /Fo"Release\\" /Fd"Release\vc120.pdb" /Gd /TP /analyze- /errorReport:prompt process_scatter.cpp
         process_scatter.cpp
     1>process_scatter.cpp(9): warning C4103: 'j:\suranjana\outsert\recon_clone\process_scatter\process_scatter.cpp' : alignment changed after including header, may be due to missing #pragma pack(pop)
     1>process_scatter.cpp(94): warning C4244: '=' : conversion from '__int64' to 'int', possible loss of data
     1>process_scatter.cpp(128): warning C4244: '=' : conversion from '__int64' to 'int', possible loss of data
     1>process_scatter.cpp(173): warning C4244: '=' : conversion from 'double' to 'int', possible loss of data
     1>process_scatter.cpp(42): warning C4101: 'true_coincidence' : unreferenced local variable
     1>process_scatter.cpp(33): warning C4101: 'pos_list' : unreferenced local variable
     1>process_scatter.cpp(29): warning C4101: 'y' : unreferenced local variable
     1>process_scatter.cpp(29): warning C4101: 'x' : unreferenced local variable
     1>process_scatter.cpp(37): warning C4101: 'i' : unreferenced local variable
     1>process_scatter.cpp(29): warning C4101: 'z' : unreferenced local variable
       Link:
         D:\Program Files (x86)\Microsoft Visual Studio 12.0\VC\bin\link.exe /ERRORREPORT:PROMPT /OUT:"J:\SURANJANA\OUTSERT\Recon_Clone\Release\Process_Scatter.exe" /NOLOGO kernel32.lib user32.lib gdi32.lib winspool.lib comdlg32.lib advapi32.lib shell32.lib ole32.lib oleaut32.lib uuid.lib odbc32.lib odbccp32.lib /MANIFEST /MANIFESTUAC:"level='asInvoker' uiAccess='false'" /manifest:embed /DEBUG /PDB:"J:\SURANJANA\OUTSERT\Recon_Clone\Release\Process_Scatter.pdb" /OPT:REF /OPT:ICF /LTCG /TLBID:1 /DYNAMICBASE /NXCOMPAT /IMPLIB:"J:\SURANJANA\OUTSERT\Recon_Clone\Release\Process_Scatter.lib" /MACHINE:X86 /SAFESEH Release\process_scatter.obj
         Generating code
         Finished generating code
         Process_Scatter.vcxproj -> J:\SURANJANA\OUTSERT\Recon_Clone\Release\Process_Scatter.exe
     1>Done Building Project "J:\SURANJANA\OUTSERT\Recon_Clone\Process_Scatter\Process_Scatter.vcxproj" (Build target(s)).

Build succeeded.

Time Elapsed 00:00:01.78
