Build started 7/28/2022 12:59:15 PM.
     1>Project "L:\work\data\Outsert Project\system_alignment\recon_code\recon_code\Coincdence_Sorting\Coincdence_Sorting.vcxproj" on node 11 (Build target(s)).
     1>ClCompile:
         D:\Program Files (x86)\Microsoft Visual Studio 12.0\VC\bin\x86_amd64\CL.exe /c /Zi /nologo /W3 /WX- /sdl /O2 /Oi /GL /D _CRT_SECURE_NO_WARNINGS /D _MBCS /Gm- /EHsc /MD /GS /Gy /fp:precise /Zc:wchar_t /Zc:forScope /Fo"x64\Release\\" /Fd"x64\Release\vc120.pdb" /Gd /TP /errorReport:prompt coinc_process.cpp
         coinc_process.cpp
     1>coinc_process.cpp(108): warning C4244: '=' : conversion from 'double' to 'float', possible loss of data
     1>coinc_process.cpp(109): warning C4244: '=' : conversion from 'double' to 'float', possible loss of data
     1>coinc_process.cpp(1156): warning C4244: '=' : conversion from 'double' to 'float', possible loss of data
     1>coinc_process.cpp(1151): warning C4101: 'd' : unreferenced local variable
     1>coinc_process.cpp(1151): warning C4101: 'c' : unreferenced local variable
     1>coinc_process.cpp(1170): warning C4244: '=' : conversion from 'double' to 'float', possible loss of data
     1>coinc_process.cpp(1172): warning C4244: '=' : conversion from 'double' to 'float', possible loss of data
     1>coinc_process.cpp(1165): warning C4101: 'd' : unreferenced local variable
     1>coinc_process.cpp(1165): warning C4101: 'c' : unreferenced local variable
     1>coinc_process.cpp(1185): warning C4244: '=' : conversion from 'double' to 'float', possible loss of data
     1>coinc_process.cpp(1180): warning C4101: 'd' : unreferenced local variable
     1>coinc_process.cpp(1180): warning C4101: 'c' : unreferenced local variable
     1>coinc_process.cpp(1195): warning C4101: 'd' : unreferenced local variable
     1>coinc_process.cpp(1195): warning C4101: 'c' : unreferenced local variable
     1>coinc_process.cpp(1227): warning C4244: '=' : conversion from 'double' to 'float', possible loss of data
     1>coinc_process.cpp(1634): warning C4101: 'block_index' : unreferenced local variable
       Link:
         D:\Program Files (x86)\Microsoft Visual Studio 12.0\VC\bin\x86_amd64\link.exe /ERRORREPORT:PROMPT /OUT:"L:\work\data\Outsert Project\system_alignment\recon_code\recon_code\x64\Release\Coincdence_Sorting.exe" /NOLOGO kernel32.lib user32.lib gdi32.lib winspool.lib comdlg32.lib advapi32.lib shell32.lib ole32.lib oleaut32.lib uuid.lib odbc32.lib odbccp32.lib /MANIFEST /MANIFESTUAC:"level='asInvoker' uiAccess='false'" /manifest:embed /DEBUG /PDB:"L:\work\data\Outsert Project\system_alignment\recon_code\recon_code\x64\Release\Coincdence_Sorting.pdb" /OPT:REF /OPT:ICF /LTCG /TLBID:1 /DYNAMICBASE /NXCOMPAT /IMPLIB:"L:\work\data\Outsert Project\system_alignment\recon_code\recon_code\x64\Release\Coincdence_Sorting.lib" /MACHINE:X64 x64\Release\coinc_process.obj
         Generating code
         Finished generating code
         Coincdence_Sorting.vcxproj -> L:\work\data\Outsert Project\system_alignment\recon_code\recon_code\x64\Release\Coincdence_Sorting.exe
     1>Done Building Project "L:\work\data\Outsert Project\system_alignment\recon_code\recon_code\Coincdence_Sorting\Coincdence_Sorting.vcxproj" (Build target(s)).

Build succeeded.

Time Elapsed 00:00:03.71
